[INFO] Not rendering RawBlock (Format "html") "<!-- SPDX-Copyright-Text: \169 2024 CHiPs44 <chips44@gmail.com> -->"
[INFO] Not rendering RawBlock (Format "html") "<!-- SPDX-License-Identifier: CC-BY-SA-4.0 -->"
[INFO] Not rendering RawBlock (Format "html") "<!-- SPDX-Copyright-Text: \169 2023 CHiPs44 <chips44@gmail.com> -->"
[INFO] Not rendering RawBlock (Format "html") "<!-- SPDX-License-Identifier: CC-BY-SA-4.0 -->"
[INFO] Not rendering RawBlock (Format "html") "<!-- SPDX-Copyright-Text: \169 2024 CHiPs44 <chips44@gmail.com> -->"
[INFO] Not rendering RawBlock (Format "html") "<!-- SPDX-License-Identifier: CC-BY-SA-4.0 -->"
[INFO] Not rendering RawBlock (Format "html") "<!-- SPDX-Copyright-Text: \169 2023 CHiPs44 <chips44@gmail.com> -->"
[INFO] Not rendering RawBlock (Format "html") "<!-- SPDX-License-Identifier: CC-BY-SA-4.0 -->"
[INFO] Not rendering RawBlock (Format "html") "<center>"
[INFO] Not rendering RawBlock (Format "html") "<center>"
[INFO] Not rendering RawBlock (Format "html") "<center>"
[INFO] Not rendering RawBlock (Format "html") "</center>"
[INFO] Not rendering RawBlock (Format "html") "<center>"
[INFO] Not rendering RawBlock (Format "html") "</center>"
[INFO] Not rendering RawBlock (Format "html") "<center>"
[INFO] Not rendering RawBlock (Format "html") "</center>"
[INFO] Not rendering RawBlock (Format "html") "<center>"
[INFO] Not rendering RawBlock (Format "html") "</center>"
[INFO] Not rendering RawBlock (Format "html") "<!-- SPDX-Copyright-Text: \169 2023 CHiPs44 <chips44@gmail.com> -->"
[INFO] Not rendering RawBlock (Format "html") "<!-- SPDX-License-Identifier: CC-BY-SA-4.0 -->"
[INFO] Not rendering RawInline (Format "html") "<!-- omit in toc -->"
[INFO] Not rendering RawBlock (Format "html") "<center>"
[INFO] Not rendering RawBlock (Format "html") "</center>"
[INFO] Not rendering RawBlock (Format "html") "<center>"
[INFO] Not rendering RawBlock (Format "html") "</center>"
[INFO] Not rendering RawBlock (Format "html") "<center>"
[INFO] Not rendering RawBlock (Format "html") "</center>"
[INFO] Not rendering RawBlock (Format "html") "<center>"
[INFO] Not rendering RawBlock (Format "html") "</center>"
[INFO] Not rendering RawBlock (Format "html") "<center>"
[INFO] Not rendering RawBlock (Format "html") "</center>"
[INFO] Not rendering RawBlock (Format "html") "<center>"
[INFO] Not rendering RawBlock (Format "html") "</center>"
[INFO] Not rendering RawBlock (Format "html") "<center>"
[INFO] Not rendering RawBlock (Format "html") "</center>"
[INFO] Not rendering RawBlock (Format "html") "<center>"
[INFO] Not rendering RawBlock (Format "html") "</center>"
[INFO] Not rendering RawBlock (Format "html") "<center>"
[INFO] Not rendering RawBlock (Format "html") "</center>"
[INFO] Not rendering RawBlock (Format "html") "<!-- SPDX-Copyright-Text: \169 2023 CHiPs44 <chips44@gmail.com> -->"
[INFO] Not rendering RawBlock (Format "html") "<!-- SPDX-License-Identifier: CC-BY-SA-4.0 -->"
[INFO] Not rendering RawBlock (Format "html") "<!-- SPDX-Copyright-Text: \169 2023 CHiPs44 <chips44@gmail.com> -->"
[INFO] Not rendering RawBlock (Format "html") "<!-- SPDX-License-Identifier: CC-BY-SA-4.0 -->"
[INFO] Not rendering RawBlock (Format "html") "<!-- SPDX-Copyright-Text: \169 2023 CHiPs44 <chips44@gmail.com> -->"
[INFO] Not rendering RawBlock (Format "html") "<!-- SPDX-License-Identifier: CC-BY-SA-4.0 -->"
[INFO] Not rendering RawInline (Format "html") "<!-- omit in toc -->"
[INFO] Not rendering RawBlock (Format "html") "<!-- SPDX-Copyright-Text: \169 2023 CHiPs44 <chips44@gmail.com> -->"
[INFO] Not rendering RawBlock (Format "html") "<!-- SPDX-License-Identifier: CC-BY-SA-4.0 -->"
[INFO] Not rendering RawBlock (Format "html") "<!-- SPDX-Copyright-Text: \169 2023 CHiPs44 <chips44@gmail.com> -->"
[INFO] Not rendering RawBlock (Format "html") "<!-- SPDX-License-Identifier: CC-BY-SA-4.0 -->"
[INFO] Not rendering RawInline (Format "html") "<!-- omit in toc -->"
[INFO] Not rendering RawBlock (Format "html") "<center>"
[INFO] Not rendering RawBlock (Format "html") "</center>"
[INFO] Not rendering RawInline (Format "html") "<br/>"
[INFO] Not rendering RawInline (Format "html") "<br/>"
[INFO] Not rendering RawInline (Format "html") "<br/>"
[INFO] Not rendering RawBlock (Format "html") "<center>"
[INFO] Not rendering RawBlock (Format "html") "</center>"